Job launching after 0.12 seconds in submission.
Running python job.
Changed into dir /home/coala/AmmorFati/tools/spearmint/workspace/SICER
Importing sicer.py
Running sicer.main()

*** Preprocess raw files to remove reduntant reads
cd /home/coala/AmmorFati/tools/spearmint/workspace/SICER/tmp_sicer_0_fmFb/tmp_Treat_chr1_myTest.bam.poLx9J.rm.bam_dir
export PYTHONPATH=/home/coala/AmmorFati/tools/SICERpy/SICERpy/lib
/usr/bin/python2 /home/coala/AmmorFati/tools/SICERpy/SICERpy/src/remove_redundant_reads_bam.py -t 0 -b /home/coala/AmmorFati/chipData/Treat_chr1_myTest.bam -o /home/coala/AmmorFati/tools/spearmint/workspace/SICER/tmp_sicer_0_fmFb/Treat_chr1_myTest.bam.poLx9J.rm.bam -f 0 -F 4 -q 5

cd /home/coala/AmmorFati/tools/spearmint/workspace/SICER/tmp_sicer_0_fmFb/tmp_Control_chr1_myTest.bam.D1Io2f.rm.bam_dir
export PYTHONPATH=/home/coala/AmmorFati/tools/SICERpy/SICERpy/lib
/usr/bin/python2 /home/coala/AmmorFati/tools/SICERpy/SICERpy/src/remove_redundant_reads_bam.py -t 0 -b /home/coala/AmmorFati/chipData/Control_chr1_myTest.bam -o /home/coala/AmmorFati/tools/spearmint/workspace/SICER/tmp_sicer_0_fmFb/Control_chr1_myTest.bam.D1Io2f.rm.bam -f 0 -F 4 -q 5



*** Partion the genome in windows
cd /home/coala/AmmorFati/tools/spearmint/workspace/SICER/tmp_sicer_0_fmFb
export PYTHONPATH=/home/coala/AmmorFati/tools/SICERpy/SICERpy/lib
/usr/bin/python2 /home/coala/AmmorFati/tools/SICERpy/SICERpy/src/run-make-graph-file-by-chrom_bam.py -b /home/coala/AmmorFati/tools/spearmint/workspace/SICER/tmp_sicer_0_fmFb/Treat_chr1_myTest.bam.poLx9J.rm.bam -w 175 -i 175 -o /home/coala/AmmorFati/tools/spearmint/workspace/SICER/tmp_sicer_0_fmFb/summary.bedgraph


*** Find candidate islands exhibiting clustering
export PYTHONPATH=/home/coala/AmmorFati/tools/SICERpy/SICERpy/lib
/usr/bin/python2 /home/coala/AmmorFati/tools/SICERpy/SICERpy/src/find_islands_in_pr.py --bam /home/coala/AmmorFati/chipData/Treat_chr1_myTest.bam -b /home/coala/AmmorFati/tools/spearmint/workspace/SICER/tmp_sicer_0_fmFb/summary.bedgraph -w 175 -g 525 -t 0.775 -e 1000  -f /home/coala/AmmorFati/tools/spearmint/workspace/SICER/tmp_sicer_0_fmFb/scoreisland.bed
Window_size: 175
Gap size: 525
E value is: 1000.0
Total read count: 505444.0
Genome Length: 3099922541
Effective genome Length: 2402439969
Window average: 0.0368178606506
Window pvalue: 0.2
Minimum num of tags in a qualified window: 1
Generate the enriched probscore summary graph and filter the summary graph to get rid of ineligible windows
Determine the score threshold from random background
The score threshold is: 13.357
Make and write islands
Total number of islands: 1990


*** Calculate significance of candidate islands using the control library
export PYTHONPATH=/home/coala/AmmorFati/tools/SICERpy/SICERpy/lib
/usr/bin/python2 /home/coala/AmmorFati/tools/SICERpy/SICERpy/src/associate_tags_with_chip_and_control_w_fc_q_bam.py -a /home/coala/AmmorFati/tools/spearmint/workspace/SICER/tmp_sicer_0_fmFb/Treat_chr1_myTest.bam.poLx9J.rm.bam -b /home/coala/AmmorFati/tools/spearmint/workspace/SICER/tmp_sicer_0_fmFb/Control_chr1_myTest.bam.D1Io2f.rm.bam -d /home/coala/AmmorFati/tools/spearmint/workspace/SICER/tmp_sicer_0_fmFb/scoreisland.bed -f 175 -t 0.775 -o /home/coala/AmmorFati/tools/spearmint/workspace/SICER/tmp_sicer_0_fmFb/island-summary.bed
chip library size  505444
control library size 754414

Got result 0.9606422260586164
Completed successfully in 18.80 seconds. [{u'branin': 0.9606422260586164}]
Anything printed here will end up in the output directory for job #3
{u'fs': array([175]), u'gs': array([0.775]), u'w': array([175])}
('peak(result) - peak(label) matched: ', 101181, ' /  peak(result) - noPeak(label) matched: ', 864558)
('totalPeakLength: ', 104820, '  /  totalNoPeakLength: ', 933723)
('peakScore: ', 0.9652833428734974, '  /  noPeakScore: ', 0.9259255689321138)
0.9606422260586164
