Job launching after 0.15 seconds in submission.
Running python job.
Changed into dir /home/coala/AmmorFati/tools/spearmint/workspace/SICER
Importing sicer.py
Running sicer.main()

*** Preprocess raw files to remove reduntant reads
cd /home/coala/AmmorFati/tools/spearmint/workspace/SICER/tmp_sicer_FpsjnM/tmp_Treat_chr1_myTest.bam.TO8hDq.rm.bam_dir
export PYTHONPATH=/home/coala/AmmorFati/tools/SICERpy/SICERpy/lib
/usr/bin/python2 /home/coala/AmmorFati/tools/SICERpy/SICERpy/src/remove_redundant_reads_bam.py -t 0 -b /home/coala/AmmorFati/chipData/Treat_chr1_myTest.bam -o /home/coala/AmmorFati/tools/spearmint/workspace/SICER/tmp_sicer_FpsjnM/Treat_chr1_myTest.bam.TO8hDq.rm.bam -f 0 -F 4 -q 5

cd /home/coala/AmmorFati/tools/spearmint/workspace/SICER/tmp_sicer_FpsjnM/tmp_Control_chr1_myTest.bam.BDZgyK.rm.bam_dir
export PYTHONPATH=/home/coala/AmmorFati/tools/SICERpy/SICERpy/lib
/usr/bin/python2 /home/coala/AmmorFati/tools/SICERpy/SICERpy/src/remove_redundant_reads_bam.py -t 0 -b /home/coala/AmmorFati/chipData/Control_chr1_myTest.bam -o /home/coala/AmmorFati/tools/spearmint/workspace/SICER/tmp_sicer_FpsjnM/Control_chr1_myTest.bam.BDZgyK.rm.bam -f 0 -F 4 -q 5



*** Partion the genome in windows
cd /home/coala/AmmorFati/tools/spearmint/workspace/SICER/tmp_sicer_FpsjnM
export PYTHONPATH=/home/coala/AmmorFati/tools/SICERpy/SICERpy/lib
/usr/bin/python2 /home/coala/AmmorFati/tools/SICERpy/SICERpy/src/run-make-graph-file-by-chrom_bam.py -b /home/coala/AmmorFati/tools/spearmint/workspace/SICER/tmp_sicer_FpsjnM/Treat_chr1_myTest.bam.TO8hDq.rm.bam -w 400 -i 400 -o /home/coala/AmmorFati/tools/spearmint/workspace/SICER/tmp_sicer_FpsjnM/summary.bedgraph


*** Find candidate islands exhibiting clustering
export PYTHONPATH=/home/coala/AmmorFati/tools/SICERpy/SICERpy/lib
/usr/bin/python2 /home/coala/AmmorFati/tools/SICERpy/SICERpy/src/find_islands_in_pr.py --bam /home/coala/AmmorFati/chipData/Treat_chr1_myTest.bam -b /home/coala/AmmorFati/tools/spearmint/workspace/SICER/tmp_sicer_FpsjnM/summary.bedgraph -w 400 -g 1200 -t 0.1 -e 1000  -f /home/coala/AmmorFati/tools/spearmint/workspace/SICER/tmp_sicer_FpsjnM/scoreisland.bed
Window_size: 400
Gap size: 1200
E value is: 1000.0
Total read count: 505444.0
Genome Length: 3099922541
Effective genome Length: 309992254
Window average: 0.652202103089
Window pvalue: 0.2
Minimum num of tags in a qualified window: 2
Generate the enriched probscore summary graph and filter the summary graph to get rid of ineligible windows
Determine the score threshold from random background
The score threshold is: 15.193
Make and write islands
Total number of islands: 332


*** Calculate significance of candidate islands using the control library
export PYTHONPATH=/home/coala/AmmorFati/tools/SICERpy/SICERpy/lib
/usr/bin/python2 /home/coala/AmmorFati/tools/SICERpy/SICERpy/src/associate_tags_with_chip_and_control_w_fc_q_bam.py -a /home/coala/AmmorFati/tools/spearmint/workspace/SICER/tmp_sicer_FpsjnM/Treat_chr1_myTest.bam.TO8hDq.rm.bam -b /home/coala/AmmorFati/tools/spearmint/workspace/SICER/tmp_sicer_FpsjnM/Control_chr1_myTest.bam.BDZgyK.rm.bam -d /home/coala/AmmorFati/tools/spearmint/workspace/SICER/tmp_sicer_FpsjnM/scoreisland.bed -f 400 -t 0.1 -o /home/coala/AmmorFati/tools/spearmint/workspace/SICER/tmp_sicer_FpsjnM/island-summary.bed
chip library size  505444
control library size 754414

Got result 0.98449098515353
Completed successfully in 18.67 seconds. [{u'branin': 0.98449098515353}]
Anything printed here will end up in the output directory for job #21
{u'fs': array([400]), u'gs': array([0.1]), u'w': array([400])}
('peak(result) - peak(label) matched: ', 104048, ' /  peak(result) - noPeak(label) matched: ', 912365)
('totalPeakLength: ', 104820, '  /  totalNoPeakLength: ', 933723)
('peakScore: ', 0.9926349933218851, '  /  noPeakScore: ', 0.977125978475415)
0.98449098515353
