Job launching after 0.13 seconds in submission.
Running python job.
Changed into dir /home/coala/AmmorFati/tools/spearmint/workspace/SICER
Importing sicer.py
Running sicer.main()

*** Preprocess raw files to remove reduntant reads
cd /home/coala/AmmorFati/tools/spearmint/workspace/SICER/tmp_sicer_xfJVPi/tmp_Treat_chr1_myTest.bam.HfOEzV.rm.bam_dir
export PYTHONPATH=/home/coala/AmmorFati/tools/SICERpy/SICERpy/lib
/usr/bin/python2 /home/coala/AmmorFati/tools/SICERpy/SICERpy/src/remove_redundant_reads_bam.py -t 0 -b /home/coala/AmmorFati/chipData/Treat_chr1_myTest.bam -o /home/coala/AmmorFati/tools/spearmint/workspace/SICER/tmp_sicer_xfJVPi/Treat_chr1_myTest.bam.HfOEzV.rm.bam -f 0 -F 4 -q 5

cd /home/coala/AmmorFati/tools/spearmint/workspace/SICER/tmp_sicer_xfJVPi/tmp_Control_chr1_myTest.bam.KHNqWh.rm.bam_dir
export PYTHONPATH=/home/coala/AmmorFati/tools/SICERpy/SICERpy/lib
/usr/bin/python2 /home/coala/AmmorFati/tools/SICERpy/SICERpy/src/remove_redundant_reads_bam.py -t 0 -b /home/coala/AmmorFati/chipData/Control_chr1_myTest.bam -o /home/coala/AmmorFati/tools/spearmint/workspace/SICER/tmp_sicer_xfJVPi/Control_chr1_myTest.bam.KHNqWh.rm.bam -f 0 -F 4 -q 5



*** Partion the genome in windows
cd /home/coala/AmmorFati/tools/spearmint/workspace/SICER/tmp_sicer_xfJVPi
export PYTHONPATH=/home/coala/AmmorFati/tools/SICERpy/SICERpy/lib
/usr/bin/python2 /home/coala/AmmorFati/tools/SICERpy/SICERpy/src/run-make-graph-file-by-chrom_bam.py -b /home/coala/AmmorFati/tools/spearmint/workspace/SICER/tmp_sicer_xfJVPi/Treat_chr1_myTest.bam.HfOEzV.rm.bam -w 137 -i 131 -o /home/coala/AmmorFati/tools/spearmint/workspace/SICER/tmp_sicer_xfJVPi/summary.bedgraph


*** Find candidate islands exhibiting clustering
export PYTHONPATH=/home/coala/AmmorFati/tools/SICERpy/SICERpy/lib
/usr/bin/python2 /home/coala/AmmorFati/tools/SICERpy/SICERpy/src/find_islands_in_pr.py --bam /home/coala/AmmorFati/chipData/Treat_chr1_myTest.bam -b /home/coala/AmmorFati/tools/spearmint/workspace/SICER/tmp_sicer_xfJVPi/summary.bedgraph -w 137 -g 411 -t 0.100000001909 -e 1000  -f /home/coala/AmmorFati/tools/spearmint/workspace/SICER/tmp_sicer_xfJVPi/scoreisland.bed
Window_size: 137
Gap size: 411
E value is: 1000.0
Total read count: 505444.0
Genome Length: 3099922541
Effective genome Length: 309992260
Window average: 0.223379215984
Window pvalue: 0.2
Minimum num of tags in a qualified window: 2
Generate the enriched probscore summary graph and filter the summary graph to get rid of ineligible windows
Determine the score threshold from random background
The score threshold is: 7.829
Make and write islands
Total number of islands: 4356


*** Calculate significance of candidate islands using the control library
export PYTHONPATH=/home/coala/AmmorFati/tools/SICERpy/SICERpy/lib
/usr/bin/python2 /home/coala/AmmorFati/tools/SICERpy/SICERpy/src/associate_tags_with_chip_and_control_w_fc_q_bam.py -a /home/coala/AmmorFati/tools/spearmint/workspace/SICER/tmp_sicer_xfJVPi/Treat_chr1_myTest.bam.HfOEzV.rm.bam -b /home/coala/AmmorFati/tools/spearmint/workspace/SICER/tmp_sicer_xfJVPi/Control_chr1_myTest.bam.KHNqWh.rm.bam -d /home/coala/AmmorFati/tools/spearmint/workspace/SICER/tmp_sicer_xfJVPi/scoreisland.bed -f 131 -t 0.100000001909 -o /home/coala/AmmorFati/tools/spearmint/workspace/SICER/tmp_sicer_xfJVPi/island-summary.bed
chip library size  505444
control library size 754414

Got result 0.7762157679657744
Completed successfully in 17.91 seconds. [{u'branin': 0.7762157679657744}]
Anything printed here will end up in the output directory for job #75
{u'fs': array([131]), u'gs': array([0.1]), u'w': array([137])}
('peak(result) - peak(label) matched: ', 102188, ' /  peak(result) - noPeak(label) matched: ', 701325)
('totalPeakLength: ', 104820, '  /  totalNoPeakLength: ', 933723)
('peakScore: ', 0.9748902881129555, '  /  noPeakScore: ', 0.7511060560787299)
0.7762157679657744
