Job launching after 0.13 seconds in submission.
Running python job.
Changed into dir /home/coala/AmmorFati/tools/spearmint/workspace/SICER
Importing sicer.py
Running sicer.main()

*** Preprocess raw files to remove reduntant reads
cd /home/coala/AmmorFati/tools/spearmint/workspace/SICER/tmp_sicer_Uh0T8h/tmp_Treat_chr1_myTest.bam.dkGtdD.rm.bam_dir
export PYTHONPATH=/home/coala/AmmorFati/tools/SICERpy/SICERpy/lib
/usr/bin/python2 /home/coala/AmmorFati/tools/SICERpy/SICERpy/src/remove_redundant_reads_bam.py -t 0 -b /home/coala/AmmorFati/chipData/Treat_chr1_myTest.bam -o /home/coala/AmmorFati/tools/spearmint/workspace/SICER/tmp_sicer_Uh0T8h/Treat_chr1_myTest.bam.dkGtdD.rm.bam -f 0 -F 4 -q 5

cd /home/coala/AmmorFati/tools/spearmint/workspace/SICER/tmp_sicer_Uh0T8h/tmp_Control_chr1_myTest.bam.VA8jFd.rm.bam_dir
export PYTHONPATH=/home/coala/AmmorFati/tools/SICERpy/SICERpy/lib
/usr/bin/python2 /home/coala/AmmorFati/tools/SICERpy/SICERpy/src/remove_redundant_reads_bam.py -t 0 -b /home/coala/AmmorFati/chipData/Control_chr1_myTest.bam -o /home/coala/AmmorFati/tools/spearmint/workspace/SICER/tmp_sicer_Uh0T8h/Control_chr1_myTest.bam.VA8jFd.rm.bam -f 0 -F 4 -q 5



*** Partion the genome in windows
cd /home/coala/AmmorFati/tools/spearmint/workspace/SICER/tmp_sicer_Uh0T8h
export PYTHONPATH=/home/coala/AmmorFati/tools/SICERpy/SICERpy/lib
/usr/bin/python2 /home/coala/AmmorFati/tools/SICERpy/SICERpy/src/run-make-graph-file-by-chrom_bam.py -b /home/coala/AmmorFati/tools/spearmint/workspace/SICER/tmp_sicer_Uh0T8h/Treat_chr1_myTest.bam.dkGtdD.rm.bam -w 111 -i 400 -o /home/coala/AmmorFati/tools/spearmint/workspace/SICER/tmp_sicer_Uh0T8h/summary.bedgraph


*** Find candidate islands exhibiting clustering
export PYTHONPATH=/home/coala/AmmorFati/tools/SICERpy/SICERpy/lib
/usr/bin/python2 /home/coala/AmmorFati/tools/SICERpy/SICERpy/src/find_islands_in_pr.py --bam /home/coala/AmmorFati/chipData/Treat_chr1_myTest.bam -b /home/coala/AmmorFati/tools/spearmint/workspace/SICER/tmp_sicer_Uh0T8h/summary.bedgraph -w 111 -g 333 -t 0.131964467741 -e 1000  -f /home/coala/AmmorFati/tools/spearmint/workspace/SICER/tmp_sicer_Uh0T8h/scoreisland.bed
Window_size: 111
Gap size: 333
E value is: 1000.0
Total read count: 505444.0
Genome Length: 3099922541
Effective genome Length: 409079628
Window average: 0.137147587315
Window pvalue: 0.2
Minimum num of tags in a qualified window: 1
Generate the enriched probscore summary graph and filter the summary graph to get rid of ineligible windows
Determine the score threshold from random background
The score threshold is: 16.993
Make and write islands
Total number of islands: 2854


*** Calculate significance of candidate islands using the control library
export PYTHONPATH=/home/coala/AmmorFati/tools/SICERpy/SICERpy/lib
/usr/bin/python2 /home/coala/AmmorFati/tools/SICERpy/SICERpy/src/associate_tags_with_chip_and_control_w_fc_q_bam.py -a /home/coala/AmmorFati/tools/spearmint/workspace/SICER/tmp_sicer_Uh0T8h/Treat_chr1_myTest.bam.dkGtdD.rm.bam -b /home/coala/AmmorFati/tools/spearmint/workspace/SICER/tmp_sicer_Uh0T8h/Control_chr1_myTest.bam.VA8jFd.rm.bam -d /home/coala/AmmorFati/tools/spearmint/workspace/SICER/tmp_sicer_Uh0T8h/scoreisland.bed -f 400 -t 0.131964467741 -o /home/coala/AmmorFati/tools/spearmint/workspace/SICER/tmp_sicer_Uh0T8h/island-summary.bed
chip library size  505444
control library size 754414

Got result 0.9216092385791512
Completed successfully in 21.96 seconds. [{u'branin': 0.9216092385791512}]
Anything printed here will end up in the output directory for job #16
{u'fs': array([400]), u'gs': array([0.13196447]), u'w': array([111])}
('peak(result) - peak(label) matched: ', 101257, ' /  peak(result) - noPeak(label) matched: ', 828789)
('totalPeakLength: ', 104820, '  /  totalNoPeakLength: ', 933723)
('peakScore: ', 0.9660083953444, '  /  noPeakScore: ', 0.8876176339235512)
0.9216092385791512
