Job launching after 0.13 seconds in submission.
Running python job.
Changed into dir /home/coala/AmmorFati/tools/spearmint/workspace/SICER
Importing sicer.py
Running sicer.main()

*** Preprocess raw files to remove reduntant reads
cd /home/coala/AmmorFati/tools/spearmint/workspace/SICER/tmp_sicer_gSl0yB/tmp_Treat_chr1_myTest.bam.ZS8f5K.rm.bam_dir
export PYTHONPATH=/home/coala/AmmorFati/tools/SICERpy/SICERpy/lib
/usr/bin/python2 /home/coala/AmmorFati/tools/SICERpy/SICERpy/src/remove_redundant_reads_bam.py -t 0 -b /home/coala/AmmorFati/chipData/Treat_chr1_myTest.bam -o /home/coala/AmmorFati/tools/spearmint/workspace/SICER/tmp_sicer_gSl0yB/Treat_chr1_myTest.bam.ZS8f5K.rm.bam -f 0 -F 4 -q 5

cd /home/coala/AmmorFati/tools/spearmint/workspace/SICER/tmp_sicer_gSl0yB/tmp_Control_chr1_myTest.bam.z0IC7R.rm.bam_dir
export PYTHONPATH=/home/coala/AmmorFati/tools/SICERpy/SICERpy/lib
/usr/bin/python2 /home/coala/AmmorFati/tools/SICERpy/SICERpy/src/remove_redundant_reads_bam.py -t 0 -b /home/coala/AmmorFati/chipData/Control_chr1_myTest.bam -o /home/coala/AmmorFati/tools/spearmint/workspace/SICER/tmp_sicer_gSl0yB/Control_chr1_myTest.bam.z0IC7R.rm.bam -f 0 -F 4 -q 5



*** Partion the genome in windows
cd /home/coala/AmmorFati/tools/spearmint/workspace/SICER/tmp_sicer_gSl0yB
export PYTHONPATH=/home/coala/AmmorFati/tools/SICERpy/SICERpy/lib
/usr/bin/python2 /home/coala/AmmorFati/tools/SICERpy/SICERpy/src/run-make-graph-file-by-chrom_bam.py -b /home/coala/AmmorFati/tools/spearmint/workspace/SICER/tmp_sicer_gSl0yB/Treat_chr1_myTest.bam.ZS8f5K.rm.bam -w 325 -i 325 -o /home/coala/AmmorFati/tools/spearmint/workspace/SICER/tmp_sicer_gSl0yB/summary.bedgraph


*** Find candidate islands exhibiting clustering
export PYTHONPATH=/home/coala/AmmorFati/tools/SICERpy/SICERpy/lib
/usr/bin/python2 /home/coala/AmmorFati/tools/SICERpy/SICERpy/src/find_islands_in_pr.py --bam /home/coala/AmmorFati/chipData/Treat_chr1_myTest.bam -b /home/coala/AmmorFati/tools/spearmint/workspace/SICER/tmp_sicer_gSl0yB/summary.bedgraph -w 325 -g 975 -t 0.325 -e 1000  -f /home/coala/AmmorFati/tools/spearmint/workspace/SICER/tmp_sicer_gSl0yB/scoreisland.bed
Window_size: 325
Gap size: 975
E value is: 1000.0
Total read count: 505444.0
Genome Length: 3099922541
Effective genome Length: 1007474825
Window average: 0.163050525853
Window pvalue: 0.2
Minimum num of tags in a qualified window: 1
Generate the enriched probscore summary graph and filter the summary graph to get rid of ineligible windows
Determine the score threshold from random background
The score threshold is: 18.324
Make and write islands
Total number of islands: 306


*** Calculate significance of candidate islands using the control library
export PYTHONPATH=/home/coala/AmmorFati/tools/SICERpy/SICERpy/lib
/usr/bin/python2 /home/coala/AmmorFati/tools/SICERpy/SICERpy/src/associate_tags_with_chip_and_control_w_fc_q_bam.py -a /home/coala/AmmorFati/tools/spearmint/workspace/SICER/tmp_sicer_gSl0yB/Treat_chr1_myTest.bam.ZS8f5K.rm.bam -b /home/coala/AmmorFati/tools/spearmint/workspace/SICER/tmp_sicer_gSl0yB/Control_chr1_myTest.bam.z0IC7R.rm.bam -d /home/coala/AmmorFati/tools/spearmint/workspace/SICER/tmp_sicer_gSl0yB/scoreisland.bed -f 325 -t 0.325 -o /home/coala/AmmorFati/tools/spearmint/workspace/SICER/tmp_sicer_gSl0yB/island-summary.bed
chip library size  505444
control library size 754414

Got result 0.9677527489416026
Completed successfully in 18.65 seconds. [{u'branin': 0.9677527489416026}]
Anything printed here will end up in the output directory for job #4
{u'fs': array([325]), u'gs': array([0.325]), u'w': array([325])}
('peak(result) - peak(label) matched: ', 104820, ' /  peak(result) - noPeak(label) matched: ', 903613)
('totalPeakLength: ', 104820, '  /  totalNoPeakLength: ', 933723)
('peakScore: ', 1.0, '  /  noPeakScore: ', 0.9677527489416026)
0.9677527489416026
