Job launching after 0.09 seconds in submission.
Running python job.
Changed into dir /home/coala/AmmorFati/tools/spearmint/workspace/SICER
Importing sicer.py
Running sicer.main()

*** Preprocess raw files to remove reduntant reads
cd /home/coala/AmmorFati/tools/spearmint/workspace/SICER/tmp_sicer_d3Ocld/tmp_Treat_chr1_myTest.bam.ibX95R.rm.bam_dir
export PYTHONPATH=/home/coala/AmmorFati/tools/SICERpy/SICERpy/lib
/usr/bin/python2 /home/coala/AmmorFati/tools/SICERpy/SICERpy/src/remove_redundant_reads_bam.py -t 0 -b /home/coala/AmmorFati/chipData/Treat_chr1_myTest.bam -o /home/coala/AmmorFati/tools/spearmint/workspace/SICER/tmp_sicer_d3Ocld/Treat_chr1_myTest.bam.ibX95R.rm.bam -f 0 -F 4 -q 5

cd /home/coala/AmmorFati/tools/spearmint/workspace/SICER/tmp_sicer_d3Ocld/tmp_Control_chr1_myTest.bam.Q3eu2X.rm.bam_dir
export PYTHONPATH=/home/coala/AmmorFati/tools/SICERpy/SICERpy/lib
/usr/bin/python2 /home/coala/AmmorFati/tools/SICERpy/SICERpy/src/remove_redundant_reads_bam.py -t 0 -b /home/coala/AmmorFati/chipData/Control_chr1_myTest.bam -o /home/coala/AmmorFati/tools/spearmint/workspace/SICER/tmp_sicer_d3Ocld/Control_chr1_myTest.bam.Q3eu2X.rm.bam -f 0 -F 4 -q 5



*** Partion the genome in windows
cd /home/coala/AmmorFati/tools/spearmint/workspace/SICER/tmp_sicer_d3Ocld
export PYTHONPATH=/home/coala/AmmorFati/tools/SICERpy/SICERpy/lib
/usr/bin/python2 /home/coala/AmmorFati/tools/SICERpy/SICERpy/src/run-make-graph-file-by-chrom_bam.py -b /home/coala/AmmorFati/tools/spearmint/workspace/SICER/tmp_sicer_d3Ocld/Treat_chr1_myTest.bam.ibX95R.rm.bam -w 119 -i 100 -o /home/coala/AmmorFati/tools/spearmint/workspace/SICER/tmp_sicer_d3Ocld/summary.bedgraph


*** Find candidate islands exhibiting clustering
export PYTHONPATH=/home/coala/AmmorFati/tools/SICERpy/SICERpy/lib
/usr/bin/python2 /home/coala/AmmorFati/tools/SICERpy/SICERpy/src/find_islands_in_pr.py --bam /home/coala/AmmorFati/chipData/Treat_chr1_myTest.bam -b /home/coala/AmmorFati/tools/spearmint/workspace/SICER/tmp_sicer_d3Ocld/summary.bedgraph -w 119 -g 357 -t 1.0 -e 1000  -f /home/coala/AmmorFati/tools/spearmint/workspace/SICER/tmp_sicer_d3Ocld/scoreisland.bed
Window_size: 119
Gap size: 357
E value is: 1000.0
Total read count: 505444.0
Genome Length: 3099922541
Effective genome Length: 3099922541
Window average: 0.0194030125606
Window pvalue: 0.2
Minimum num of tags in a qualified window: 1
Generate the enriched probscore summary graph and filter the summary graph to get rid of ineligible windows
Determine the score threshold from random background
The score threshold is: 11.887
Make and write islands
Total number of islands: 3376


*** Calculate significance of candidate islands using the control library
export PYTHONPATH=/home/coala/AmmorFati/tools/SICERpy/SICERpy/lib
/usr/bin/python2 /home/coala/AmmorFati/tools/SICERpy/SICERpy/src/associate_tags_with_chip_and_control_w_fc_q_bam.py -a /home/coala/AmmorFati/tools/spearmint/workspace/SICER/tmp_sicer_d3Ocld/Treat_chr1_myTest.bam.ibX95R.rm.bam -b /home/coala/AmmorFati/tools/spearmint/workspace/SICER/tmp_sicer_d3Ocld/Control_chr1_myTest.bam.Q3eu2X.rm.bam -d /home/coala/AmmorFati/tools/spearmint/workspace/SICER/tmp_sicer_d3Ocld/scoreisland.bed -f 100 -t 1.0 -o /home/coala/AmmorFati/tools/spearmint/workspace/SICER/tmp_sicer_d3Ocld/island-summary.bed
chip library size  505444
control library size 754414

Got result 0.9416216297362873
Completed successfully in 18.94 seconds. [{u'branin': 0.9416216297362873}]
Anything printed here will end up in the output directory for job #38
{u'fs': array([100]), u'gs': array([1.]), u'w': array([119])}
('peak(result) - peak(label) matched: ', 101952, ' /  peak(result) - noPeak(label) matched: ', 853666)
('totalPeakLength: ', 104820, '  /  totalNoPeakLength: ', 933723)
('peakScore: ', 0.9726388093875215, '  /  noPeakScore: ', 0.9142604391238087)
0.9416216297362873
