Job launching after 0.11 seconds in submission.
Running python job.
Changed into dir /home/coala/AmmorFati/tools/spearmint/workspace/SICER
Importing sicer.py
Running sicer.main()

*** Preprocess raw files to remove reduntant reads
cd /home/coala/AmmorFati/tools/spearmint/workspace/SICER/tmp_sicer_pBh6c1/tmp_Treat_chr1_myTest.bam.73lUka.rm.bam_dir
export PYTHONPATH=/home/coala/AmmorFati/tools/SICERpy/SICERpy/lib
/usr/bin/python2 /home/coala/AmmorFati/tools/SICERpy/SICERpy/src/remove_redundant_reads_bam.py -t 0 -b /home/coala/AmmorFati/chipData/Treat_chr1_myTest.bam -o /home/coala/AmmorFati/tools/spearmint/workspace/SICER/tmp_sicer_pBh6c1/Treat_chr1_myTest.bam.73lUka.rm.bam -f 0 -F 4 -q 5

cd /home/coala/AmmorFati/tools/spearmint/workspace/SICER/tmp_sicer_pBh6c1/tmp_Control_chr1_myTest.bam.bppFaE.rm.bam_dir
export PYTHONPATH=/home/coala/AmmorFati/tools/SICERpy/SICERpy/lib
/usr/bin/python2 /home/coala/AmmorFati/tools/SICERpy/SICERpy/src/remove_redundant_reads_bam.py -t 0 -b /home/coala/AmmorFati/chipData/Control_chr1_myTest.bam -o /home/coala/AmmorFati/tools/spearmint/workspace/SICER/tmp_sicer_pBh6c1/Control_chr1_myTest.bam.bppFaE.rm.bam -f 0 -F 4 -q 5



*** Partion the genome in windows
cd /home/coala/AmmorFati/tools/spearmint/workspace/SICER/tmp_sicer_pBh6c1
export PYTHONPATH=/home/coala/AmmorFati/tools/SICERpy/SICERpy/lib
/usr/bin/python2 /home/coala/AmmorFati/tools/SICERpy/SICERpy/src/run-make-graph-file-by-chrom_bam.py -b /home/coala/AmmorFati/tools/spearmint/workspace/SICER/tmp_sicer_pBh6c1/Treat_chr1_myTest.bam.73lUka.rm.bam -w 400 -i 100 -o /home/coala/AmmorFati/tools/spearmint/workspace/SICER/tmp_sicer_pBh6c1/summary.bedgraph


*** Find candidate islands exhibiting clustering
export PYTHONPATH=/home/coala/AmmorFati/tools/SICERpy/SICERpy/lib
/usr/bin/python2 /home/coala/AmmorFati/tools/SICERpy/SICERpy/src/find_islands_in_pr.py --bam /home/coala/AmmorFati/chipData/Treat_chr1_myTest.bam -b /home/coala/AmmorFati/tools/spearmint/workspace/SICER/tmp_sicer_pBh6c1/summary.bedgraph -w 400 -g 1200 -t 0.972395937981 -e 1000  -f /home/coala/AmmorFati/tools/spearmint/workspace/SICER/tmp_sicer_pBh6c1/scoreisland.bed
Window_size: 400
Gap size: 1200
E value is: 1000.0
Total read count: 505444.0
Genome Length: 3099922541
Effective genome Length: 3014352086
Window average: 0.0670716605864
Window pvalue: 0.2
Minimum num of tags in a qualified window: 1
Generate the enriched probscore summary graph and filter the summary graph to get rid of ineligible windows
Determine the score threshold from random background
The score threshold is: 13.846
Make and write islands
Total number of islands: 135


*** Calculate significance of candidate islands using the control library
export PYTHONPATH=/home/coala/AmmorFati/tools/SICERpy/SICERpy/lib
/usr/bin/python2 /home/coala/AmmorFati/tools/SICERpy/SICERpy/src/associate_tags_with_chip_and_control_w_fc_q_bam.py -a /home/coala/AmmorFati/tools/spearmint/workspace/SICER/tmp_sicer_pBh6c1/Treat_chr1_myTest.bam.73lUka.rm.bam -b /home/coala/AmmorFati/tools/spearmint/workspace/SICER/tmp_sicer_pBh6c1/Control_chr1_myTest.bam.bppFaE.rm.bam -d /home/coala/AmmorFati/tools/spearmint/workspace/SICER/tmp_sicer_pBh6c1/scoreisland.bed -f 100 -t 0.972395937981 -o /home/coala/AmmorFati/tools/spearmint/workspace/SICER/tmp_sicer_pBh6c1/island-summary.bed
chip library size  505444
control library size 754414

Got result 0.9800892514487803
Completed successfully in 16.68 seconds. [{u'branin': 0.9800892514487803}]
Anything printed here will end up in the output directory for job #6
{u'fs': array([100]), u'gs': array([0.97239594]), u'w': array([400])}
('peak(result) - peak(label) matched: ', 104048, ' /  peak(result) - noPeak(label) matched: ', 908255)
('totalPeakLength: ', 104820, '  /  totalNoPeakLength: ', 933723)
('peakScore: ', 0.9926349933218851, '  /  noPeakScore: ', 0.9727242447706654)
0.9800892514487803
