Job launching after 0.09 seconds in submission.
Running python job.
Changed into dir /home/coala/AmmorFati/tools/spearmint/workspace/SICER
Importing sicer.py
Running sicer.main()

*** Preprocess raw files to remove reduntant reads
cd /home/coala/AmmorFati/tools/spearmint/workspace/SICER/tmp_sicer_Sr3O5l/tmp_Treat_chr1_myTest.bam.r3HHGP.rm.bam_dir
export PYTHONPATH=/home/coala/AmmorFati/tools/SICERpy/SICERpy/lib
/usr/bin/python2 /home/coala/AmmorFati/tools/SICERpy/SICERpy/src/remove_redundant_reads_bam.py -t 0 -b /home/coala/AmmorFati/chipData/Treat_chr1_myTest.bam -o /home/coala/AmmorFati/tools/spearmint/workspace/SICER/tmp_sicer_Sr3O5l/Treat_chr1_myTest.bam.r3HHGP.rm.bam -f 0 -F 4 -q 5

cd /home/coala/AmmorFati/tools/spearmint/workspace/SICER/tmp_sicer_Sr3O5l/tmp_Control_chr1_myTest.bam.hU5wNY.rm.bam_dir
export PYTHONPATH=/home/coala/AmmorFati/tools/SICERpy/SICERpy/lib
/usr/bin/python2 /home/coala/AmmorFati/tools/SICERpy/SICERpy/src/remove_redundant_reads_bam.py -t 0 -b /home/coala/AmmorFati/chipData/Control_chr1_myTest.bam -o /home/coala/AmmorFati/tools/spearmint/workspace/SICER/tmp_sicer_Sr3O5l/Control_chr1_myTest.bam.hU5wNY.rm.bam -f 0 -F 4 -q 5



*** Partion the genome in windows
cd /home/coala/AmmorFati/tools/spearmint/workspace/SICER/tmp_sicer_Sr3O5l
export PYTHONPATH=/home/coala/AmmorFati/tools/SICERpy/SICERpy/lib
/usr/bin/python2 /home/coala/AmmorFati/tools/SICERpy/SICERpy/src/run-make-graph-file-by-chrom_bam.py -b /home/coala/AmmorFati/tools/spearmint/workspace/SICER/tmp_sicer_Sr3O5l/Treat_chr1_myTest.bam.r3HHGP.rm.bam -w 137 -i 100 -o /home/coala/AmmorFati/tools/spearmint/workspace/SICER/tmp_sicer_Sr3O5l/summary.bedgraph


*** Find candidate islands exhibiting clustering
export PYTHONPATH=/home/coala/AmmorFati/tools/SICERpy/SICERpy/lib
/usr/bin/python2 /home/coala/AmmorFati/tools/SICERpy/SICERpy/src/find_islands_in_pr.py --bam /home/coala/AmmorFati/chipData/Treat_chr1_myTest.bam -b /home/coala/AmmorFati/tools/spearmint/workspace/SICER/tmp_sicer_Sr3O5l/summary.bedgraph -w 137 -g 411 -t 0.1 -e 1000  -f /home/coala/AmmorFati/tools/spearmint/workspace/SICER/tmp_sicer_Sr3O5l/scoreisland.bed
Window_size: 137
Gap size: 411
E value is: 1000.0
Total read count: 505444.0
Genome Length: 3099922541
Effective genome Length: 309992254
Window average: 0.223379220308
Window pvalue: 0.2
Minimum num of tags in a qualified window: 2
Generate the enriched probscore summary graph and filter the summary graph to get rid of ineligible windows
Determine the score threshold from random background
The score threshold is: 7.829
Make and write islands
Total number of islands: 4234


*** Calculate significance of candidate islands using the control library
export PYTHONPATH=/home/coala/AmmorFati/tools/SICERpy/SICERpy/lib
/usr/bin/python2 /home/coala/AmmorFati/tools/SICERpy/SICERpy/src/associate_tags_with_chip_and_control_w_fc_q_bam.py -a /home/coala/AmmorFati/tools/spearmint/workspace/SICER/tmp_sicer_Sr3O5l/Treat_chr1_myTest.bam.r3HHGP.rm.bam -b /home/coala/AmmorFati/tools/spearmint/workspace/SICER/tmp_sicer_Sr3O5l/Control_chr1_myTest.bam.hU5wNY.rm.bam -d /home/coala/AmmorFati/tools/spearmint/workspace/SICER/tmp_sicer_Sr3O5l/scoreisland.bed -f 100 -t 0.1 -o /home/coala/AmmorFati/tools/spearmint/workspace/SICER/tmp_sicer_Sr3O5l/island-summary.bed
chip library size  505444
control library size 754414

Traceback (most recent call last):
  File "/home/coala/AmmorFati/tools/spearmint/spearmint/launcher.py", line 243, in launch
    result = python_launcher(job)
  File "/home/coala/AmmorFati/tools/spearmint/spearmint/launcher.py", line 327, in python_launcher
    result = module.main(job['id'], params)
  File "/home/coala/AmmorFati/tools/spearmint/workspace/SICER/sicer.py", line 158, in main
    return sicer(job_id, params['gs'], params['w'], params['fs'])
  File "/home/coala/AmmorFati/tools/spearmint/workspace/SICER/sicer.py", line 143, in sicer
    caculated_rate = error_rate(job_id)
  File "/home/coala/AmmorFati/tools/spearmint/workspace/SICER/sicer.py", line 118, in error_rate
    peak_score = get_my_score('peak', arr_peak, arr_noPeak, arr_result)
  File "/home/coala/AmmorFati/tools/spearmint/workspace/SICER/sicer.py", line 90, in get_my_score
    if is_overlap(arr_label[j][0], arr_label[j][1], arr_result[i][0], arr_result[i][1]):
KeyboardInterrupt
Problem executing the function
Job failed in 16.62 seconds.
Anything printed here will end up in the output directory for job #76
{u'fs': array([100]), u'gs': array([0.1]), u'w': array([137])}
(<type 'exceptions.KeyboardInterrupt'>, KeyboardInterrupt(), <traceback object at 0x7f0bd39d4050>)
