Job launching after 0.10 seconds in submission.
Running python job.
Changed into dir /home/coala/spearmint/workspace/macs
Importing macs.py
Running macs.main()
INFO  @ Thu, 20 Sep 2018 17:49:42: 
# Command line: callpeak -t /home/coala/Documents/myData/Treat_chr1_myTest.bam -c /home/coala/Documents/myData/Control_chr1_myTest.bam --outdir ./temp --broad -f BAM -g hs -n test7 -q 0.01 -m 1 10
# ARGUMENTS LIST:
# name = test7
# format = BAM
# ChIP-seq file = ['/home/coala/Documents/myData/Treat_chr1_myTest.bam']
# control file = ['/home/coala/Documents/myData/Control_chr1_myTest.bam']
# effective genome size = 2.70e+09
# band width = 300
# model fold = [1, 10]
# qvalue cutoff for narrow/strong regions = 1.00e-02
# qvalue cutoff for broad/weak regions = 1.00e-01
# Larger dataset will be scaled towards smaller dataset.
# Range for calculating regional lambda is: 1000 bps and 10000 bps
# Broad region calling is on
# Paired-End mode is off
 
INFO  @ Thu, 20 Sep 2018 17:49:42: #1 read tag files... 
INFO  @ Thu, 20 Sep 2018 17:49:42: #1 read treatment tags... 
INFO  @ Thu, 20 Sep 2018 17:49:44: #1.2 read input tags... 
INFO  @ Thu, 20 Sep 2018 17:49:46: #1 tag size is determined as 101 bps 
INFO  @ Thu, 20 Sep 2018 17:49:46: #1 tag size = 101 
INFO  @ Thu, 20 Sep 2018 17:49:46: #1  total tags in treatment: 252722 
INFO  @ Thu, 20 Sep 2018 17:49:46: #1 user defined the maximum tags... 
INFO  @ Thu, 20 Sep 2018 17:49:46: #1 filter out redundant tags at the same location and the same strand by allowing at most 1 tag(s) 
INFO  @ Thu, 20 Sep 2018 17:49:46: #1  tags after filtering in treatment: 233395 
INFO  @ Thu, 20 Sep 2018 17:49:46: #1  Redundant rate of treatment: 0.08 
INFO  @ Thu, 20 Sep 2018 17:49:46: #1  total tags in control: 377207 
INFO  @ Thu, 20 Sep 2018 17:49:46: #1 user defined the maximum tags... 
INFO  @ Thu, 20 Sep 2018 17:49:46: #1 filter out redundant tags at the same location and the same strand by allowing at most 1 tag(s) 
INFO  @ Thu, 20 Sep 2018 17:49:46: #1  tags after filtering in control: 374736 
INFO  @ Thu, 20 Sep 2018 17:49:46: #1  Redundant rate of control: 0.01 
INFO  @ Thu, 20 Sep 2018 17:49:46: #1 finished! 
INFO  @ Thu, 20 Sep 2018 17:49:46: #2 Build Peak Model... 
INFO  @ Thu, 20 Sep 2018 17:49:46: #2 looking for paired plus/minus strand peaks... 
INFO  @ Thu, 20 Sep 2018 17:49:46: #2 number of paired peaks: 0 
WARNING @ Thu, 20 Sep 2018 17:49:46: Too few paired peaks (0) so I can not build the model! Broader your MFOLD range parameter may erase this error. If it still can't build the model, we suggest to use --nomodel and --extsize 147 or other fixed number instead. 
WARNING @ Thu, 20 Sep 2018 17:49:46: Process for pairing-model is terminated! 
Traceback (most recent call last):
  File "/home/coala/spearmint/spearmint/launcher.py", line 243, in launch
    result = python_launcher(job)
  File "/home/coala/spearmint/spearmint/launcher.py", line 327, in python_launcher
    result = module.main(job['id'], params)
  File "/home/coala/spearmint/workspace/macs/macs.py", line 141, in main
    return macs(job_id, params['q'], params['m_min'], params['m_max'])
  File "/home/coala/spearmint/workspace/macs/macs.py", line 124, in macs
    subprocess.check_output(cmd, shell=True)
  File "/usr/lib/python2.7/subprocess.py", line 223, in check_output
    raise CalledProcessError(retcode, cmd, output=output)
CalledProcessError: Command 'macs2 callpeak -t /home/coala/Documents/myData/Treat_chr1_myTest.bam -c /home/coala/Documents/myData/Control_chr1_myTest.bam --outdir ./temp --broad -f BAM -g hs -n test7 -q 0.01 -m 1 10' returned non-zero exit status 1
Problem executing the function
Job failed in 4.29 seconds.
Anything printed here will end up in the output directory for job #7
{u'q': array([0.01]), u'm_min': array([1]), u'm_max': array([10])}
(<class 'subprocess.CalledProcessError'>, CalledProcessError(), <traceback object at 0x7f0854ad1200>)
