Job launching after 0.13 seconds in submission.
Running python job.
Changed into dir /home/coala/spearmint/workspace/macs
Importing macs.py
Running macs.main()
INFO  @ Thu, 20 Sep 2018 17:49:21: 
# Command line: callpeak -t /home/coala/Documents/myData/Treat_chr1_myTest.bam -c /home/coala/Documents/myData/Control_chr1_myTest.bam --outdir ./temp --broad -f BAM -g hs -n test2 -q 0.505 -m 5 55
# ARGUMENTS LIST:
# name = test2
# format = BAM
# ChIP-seq file = ['/home/coala/Documents/myData/Treat_chr1_myTest.bam']
# control file = ['/home/coala/Documents/myData/Control_chr1_myTest.bam']
# effective genome size = 2.70e+09
# band width = 300
# model fold = [5, 55]
# qvalue cutoff for narrow/strong regions = 5.05e-01
# qvalue cutoff for broad/weak regions = 1.00e-01
# Larger dataset will be scaled towards smaller dataset.
# Range for calculating regional lambda is: 1000 bps and 10000 bps
# Broad region calling is on
# Paired-End mode is off
 
INFO  @ Thu, 20 Sep 2018 17:49:21: #1 read tag files... 
INFO  @ Thu, 20 Sep 2018 17:49:21: #1 read treatment tags... 
INFO  @ Thu, 20 Sep 2018 17:49:22: #1.2 read input tags... 
INFO  @ Thu, 20 Sep 2018 17:49:25: #1 tag size is determined as 101 bps 
INFO  @ Thu, 20 Sep 2018 17:49:25: #1 tag size = 101 
INFO  @ Thu, 20 Sep 2018 17:49:25: #1  total tags in treatment: 252722 
INFO  @ Thu, 20 Sep 2018 17:49:25: #1 user defined the maximum tags... 
INFO  @ Thu, 20 Sep 2018 17:49:25: #1 filter out redundant tags at the same location and the same strand by allowing at most 1 tag(s) 
INFO  @ Thu, 20 Sep 2018 17:49:25: #1  tags after filtering in treatment: 233395 
INFO  @ Thu, 20 Sep 2018 17:49:25: #1  Redundant rate of treatment: 0.08 
INFO  @ Thu, 20 Sep 2018 17:49:25: #1  total tags in control: 377207 
INFO  @ Thu, 20 Sep 2018 17:49:25: #1 user defined the maximum tags... 
INFO  @ Thu, 20 Sep 2018 17:49:25: #1 filter out redundant tags at the same location and the same strand by allowing at most 1 tag(s) 
INFO  @ Thu, 20 Sep 2018 17:49:25: #1  tags after filtering in control: 374736 
INFO  @ Thu, 20 Sep 2018 17:49:25: #1  Redundant rate of control: 0.01 
INFO  @ Thu, 20 Sep 2018 17:49:25: #1 finished! 
INFO  @ Thu, 20 Sep 2018 17:49:25: #2 Build Peak Model... 
INFO  @ Thu, 20 Sep 2018 17:49:25: #2 looking for paired plus/minus strand peaks... 
INFO  @ Thu, 20 Sep 2018 17:49:25: #2 number of paired peaks: 545 
WARNING @ Thu, 20 Sep 2018 17:49:25: Fewer paired peaks (545) than 1000! Model may not be build well! Lower your MFOLD parameter may erase this warning. Now I will use 545 pairs to build model! 
INFO  @ Thu, 20 Sep 2018 17:49:25: start model_add_line... 
INFO  @ Thu, 20 Sep 2018 17:49:25: start X-correlation... 
INFO  @ Thu, 20 Sep 2018 17:49:25: end of X-cor 
INFO  @ Thu, 20 Sep 2018 17:49:25: #2 finished! 
INFO  @ Thu, 20 Sep 2018 17:49:25: #2 predicted fragment length is 299 bps 
INFO  @ Thu, 20 Sep 2018 17:49:25: #2 alternative fragment length(s) may be 242,299,321,398 bps 
INFO  @ Thu, 20 Sep 2018 17:49:25: #2.2 Generate R script for model : ./temp/test2_model.r 
INFO  @ Thu, 20 Sep 2018 17:49:25: #3 Call peaks... 
INFO  @ Thu, 20 Sep 2018 17:49:25: #3 Call broad peaks with given level1 -log10qvalue cutoff and level2: 0.296709, 1.000000... 
INFO  @ Thu, 20 Sep 2018 17:49:25: #3 Pre-compute pvalue-qvalue table... 
INFO  @ Thu, 20 Sep 2018 17:49:26: #3 Call peaks for each chromosome... 
INFO  @ Thu, 20 Sep 2018 17:49:27: #4 Write output xls file... ./temp/test2_peaks.xls 
INFO  @ Thu, 20 Sep 2018 17:49:27: #4 Write broad peak in broadPeak format file... ./temp/test2_peaks.broadPeak 
INFO  @ Thu, 20 Sep 2018 17:49:27: #4 Write broad peak in bed12/gappedPeak format file... ./temp/test2_peaks.gappedPeak 
INFO  @ Thu, 20 Sep 2018 17:49:27: Done! 
Got result 0.6840659932667661
Completed successfully in 6.80 seconds. [{u'branin': 0.6840659932667661}]
Anything printed here will end up in the output directory for job #2
{u'q': array([0.505]), u'm_min': array([5]), u'm_max': array([55])}
        start       end
0    40039119  40042466
1    40045542  40053020
2    40063763  40077801
3    40096914  40097375
4    40160927  40161771
5    40194225  40195034
6    40209752  40210632
7    40212196  40212619
8    40215445  40219032
9    40221498  40221874
10   40227839  40228483
11   40232845  40234433
12   40237635  40243298
13   40257039  40258970
14   40270579  40271411
15   40294187  40296903
16   40373311  40374895
17   40383066  40384187
18   40387970  40393455
19   40408789  40411040
20   40415077  40415532
21   40416915  40420352
22   40421673  40428241
23   40449668  40451234
24   40463354  40464882
25   40471242  40471549
26   40476909  40477617
27   40508387  40508966
28   40531073  40531940
29   40683910  40692816
..        ...       ...
391  54739594  54740282
392  54742283  54746411
393  54762767  54764624
394  54839649  54862795
395  54864460  54875455
396  54886765  54887660
397  55039326  55039871
398  55048078  55072068
399  55086020  55088591
400  55102731  55103354
401  55107048  55107410
402  55124759  55126530
403  55154906  55155326
404  55160161  55160610
405  55213952  55216040
406  56516796  56517287
407  58546194  58547025
408  58653557  58654629
409  58655919  58657403
410  58661472  58662411
411  58678586  58682374
412  58685134  58685906
413  58691184  58692331
414  58696736  58700294
415  58778628  58785313
416  58815311  58816887
417  58883494  58883882
418  58903317  58904146
419  59296376  59297815
420  59653390  59653884

[421 rows x 2 columns]
('peak(result) - peak(label) matched: ', 41769, ' /  peak(result) - noPeak(label) matched: ', 77078)
('totalPeakLength: ', 104820, '  /  totalNoPeakLength: ', 933723)
('peakScore: ', 0.39848311390955926, '  /  noPeakScore: ', 0.08254910717632531)
0.6840659932667661
